{
  message: 'Database is connected Successfully.',
  level: 'info',
  service: 'user-service',
  label: 'PH',
  timestamp: '2023-06-05T05:26:24.971Z'
}
{
  message: 'Application listening on port 5000',
  level: 'info',
  service: 'user-service',
  label: 'PH',
  timestamp: '2023-06-05T05:26:25.013Z'
}
{
  message: 'Database is connected Successfully.',
  level: 'info',
  service: 'user-service',
  label: 'PH',
  timestamp: '2023-06-05T05:30:40.607Z'
}
{
  message: 'Application listening on port 5000',
  level: 'info',
  service: 'user-service',
  label: 'PH',
  timestamp: '2023-06-05T05:30:40.629Z'
}
{
  message: 'Database is connected Successfully.',
  level: 'info',
  service: 'user-service',
  label: 'PH',
  timestamp: '2023-06-05T05:39:22.213Z'
}
{
  message: 'Application listening on port 5000',
  level: 'info',
  service: 'user-service',
  label: 'PH',
  timestamp: '2023-06-05T05:39:22.442Z'
}
