{
  message: 'Database is connected Successfully.',
  level: 'info',
  service: 'user-service',
  label: 'PH',
  timestamp: '2023-06-09T06:24:01.743Z'
}
{
  message: 'Application listening on port 5000',
  level: 'info',
  service: 'user-service',
  label: 'PH',
  timestamp: '2023-06-09T06:24:01.782Z'
}
{
  message: 'Database is connected Successfully.',
  level: 'info',
  service: 'user-service',
  label: 'PH',
  timestamp: '2023-06-09T06:26:39.061Z'
}
{
  message: 'Application listening on port 5000',
  level: 'info',
  service: 'user-service',
  label: 'PH',
  timestamp: '2023-06-09T06:26:39.080Z'
}
{
  message: 'Database is connected Successfully.',
  level: 'info',
  service: 'user-service',
  label: 'PH',
  timestamp: '2023-06-09T06:32:51.028Z'
}
{
  message: 'Application listening on port 5000',
  level: 'info',
  service: 'user-service',
  label: 'PH',
  timestamp: '2023-06-09T06:32:51.075Z'
}
{
  message: 'Database is connected Successfully.',
  level: 'info',
  service: 'user-service',
  label: 'PH',
  timestamp: '2023-06-09T06:36:54.255Z'
}
{
  message: 'Application listening on port 5000',
  level: 'info',
  service: 'user-service',
  label: 'PH',
  timestamp: '2023-06-09T06:36:54.284Z'
}
