{
  message: 'Database is connected Successfully.',
  level: 'info',
  service: 'user-service',
  label: 'PH',
  timestamp: '2023-06-08T20:02:44.242Z'
}
{
  message: 'Application listening on port 5000',
  level: 'info',
  service: 'user-service',
  label: 'PH',
  timestamp: '2023-06-08T20:02:44.264Z'
}
{
  message: 'Database is connected Successfully.',
  level: 'info',
  service: 'user-service',
  label: 'PH',
  timestamp: '2023-06-08T20:04:02.183Z'
}
{
  message: 'Application listening on port 5000',
  level: 'info',
  service: 'user-service',
  label: 'PH',
  timestamp: '2023-06-08T20:04:02.215Z'
}
{
  message: 'Database is connected Successfully.',
  level: 'info',
  service: 'user-service',
  label: 'PH',
  timestamp: '2023-06-08T20:07:16.227Z'
}
{
  message: 'Application listening on port 5000',
  level: 'info',
  service: 'user-service',
  label: 'PH',
  timestamp: '2023-06-08T20:07:16.245Z'
}
{
  message: 'Database is connected Successfully.',
  level: 'info',
  service: 'user-service',
  label: 'PH',
  timestamp: '2023-06-08T20:09:33.111Z'
}
{
  message: 'Application listening on port 5000',
  level: 'info',
  service: 'user-service',
  label: 'PH',
  timestamp: '2023-06-08T20:09:33.133Z'
}
{
  message: 'Database is connected Successfully.',
  level: 'info',
  service: 'user-service',
  label: 'PH',
  timestamp: '2023-06-08T20:10:21.846Z'
}
{
  message: 'Application listening on port 5000',
  level: 'info',
  service: 'user-service',
  label: 'PH',
  timestamp: '2023-06-08T20:10:21.916Z'
}
{
  message: 'Database is connected Successfully.',
  level: 'info',
  service: 'user-service',
  label: 'PH',
  timestamp: '2023-06-08T20:12:34.287Z'
}
{
  message: 'Application listening on port 5000',
  level: 'info',
  service: 'user-service',
  label: 'PH',
  timestamp: '2023-06-08T20:12:34.311Z'
}
{
  message: 'Database is connected Successfully.',
  level: 'info',
  service: 'user-service',
  label: 'PH',
  timestamp: '2023-06-08T20:14:10.026Z'
}
{
  message: 'Application listening on port 5000',
  level: 'info',
  service: 'user-service',
  label: 'PH',
  timestamp: '2023-06-08T20:14:10.045Z'
}
{
  message: 'Database is connected Successfully.',
  level: 'info',
  service: 'user-service',
  label: 'PH',
  timestamp: '2023-06-08T20:15:05.784Z'
}
{
  message: 'Application listening on port 5000',
  level: 'info',
  service: 'user-service',
  label: 'PH',
  timestamp: '2023-06-08T20:15:05.806Z'
}
{
  message: 'Database is connected Successfully.',
  level: 'info',
  service: 'user-service',
  label: 'PH',
  timestamp: '2023-06-08T20:19:20.520Z'
}
{
  message: 'Application listening on port 5000',
  level: 'info',
  service: 'user-service',
  label: 'PH',
  timestamp: '2023-06-08T20:19:20.554Z'
}
