{
  message: 'Database is connected Successfully.',
  level: 'info',
  service: 'user-service',
  label: 'PH',
  timestamp: '2023-06-09T10:10:31.725Z'
}
{
  message: 'Application listening on port 5000',
  level: 'info',
  service: 'user-service',
  label: 'PH',
  timestamp: '2023-06-09T10:10:31.768Z'
}
{
  message: 'Database is connected Successfully.',
  level: 'info',
  service: 'user-service',
  label: 'PH',
  timestamp: '2023-06-09T10:11:22.821Z'
}
{
  message: 'Application listening on port 5000',
  level: 'info',
  service: 'user-service',
  label: 'PH',
  timestamp: '2023-06-09T10:11:22.864Z'
}
{
  message: 'Database is connected Successfully.',
  level: 'info',
  service: 'user-service',
  label: 'PH',
  timestamp: '2023-06-09T10:12:55.295Z'
}
{
  message: 'Application listening on port 5000',
  level: 'info',
  service: 'user-service',
  label: 'PH',
  timestamp: '2023-06-09T10:12:55.329Z'
}
{
  message: 'Database is connected Successfully.',
  level: 'info',
  service: 'user-service',
  label: 'PH',
  timestamp: '2023-06-09T10:16:28.369Z'
}
{
  message: 'Application listening on port 5000',
  level: 'info',
  service: 'user-service',
  label: 'PH',
  timestamp: '2023-06-09T10:16:28.389Z'
}
{
  message: 'Database is connected Successfully.',
  level: 'info',
  service: 'user-service',
  label: 'PH',
  timestamp: '2023-06-09T10:17:35.769Z'
}
{
  message: 'Application listening on port 5000',
  level: 'info',
  service: 'user-service',
  label: 'PH',
  timestamp: '2023-06-09T10:17:35.797Z'
}
{
  message: 'Database is connected Successfully.',
  level: 'info',
  service: 'user-service',
  label: 'PH',
  timestamp: '2023-06-09T10:18:16.426Z'
}
{
  message: 'Application listening on port 5000',
  level: 'info',
  service: 'user-service',
  label: 'PH',
  timestamp: '2023-06-09T10:18:16.476Z'
}
Fri Jun 09 2023 16:18:46 } [PH] info: Database is connected Successfully.
Fri Jun 09 2023 16:18:46 } [PH] info: Application listening on port 5000
Fri Jun 09 2023 16:18:59  [PH] info: Database is connected Successfully.
Fri Jun 09 2023 16:18:59  [PH] info: Application listening on port 5000
Fri Jun 09 2023 16:21:4  [PH] info: Database is connected Successfully.
Fri Jun 09 2023 16:21:4  [PH] info: Application listening on port 5000
Fri Jun 09 2023 16:24:48  [PH] info: Database is connected Successfully.
Fri Jun 09 2023 16:24:48  [PH] info: Application listening on port 5000
Fri Jun 09 2023 16:25:23  [PH] info: Database is connected Successfully.
Fri Jun 09 2023 16:25:23  [PH] info: Application listening on port 5000
Fri Jun 09 2023 16:31:34  [PH] info: Database is connected Successfully.
Fri Jun 09 2023 16:31:34  [PH] info: Application listening on port 5000
