{
  message: 'Database is connected Successfully.',
  level: 'info',
  service: 'user-service',
  label: 'PH',
  timestamp: '2023-06-07T19:02:21.331Z'
}
{
  message: 'Application listening on port 5000',
  level: 'info',
  service: 'user-service',
  label: 'PH',
  timestamp: '2023-06-07T19:02:21.351Z'
}
{
  message: 'Database is connected Successfully.',
  level: 'info',
  service: 'user-service',
  label: 'PH',
  timestamp: '2023-06-07T19:06:39.452Z'
}
{
  message: 'Application listening on port 5000',
  level: 'info',
  service: 'user-service',
  label: 'PH',
  timestamp: '2023-06-07T19:06:39.544Z'
}
